Compiling the CXX compiler identification source file "CMakeCXXCompilerId.cpp" failed.
Compiler: /Library/Developer/CommandLineTools/usr/bin/c++ 
Build flags: 
Id flags:  

The output was:
1
ld: library not found for -lc++
clang: error: linker command failed with exit code 1 (use -v to see invocation)


Performing C++ SOURCE FILE Test CXXFLAG_WCAST_ALIGN_STRICT_OKAY failed with the following output:
Change Dir: /Users/mitch/Downloads/doddle_hop/cmake-build-debug/CMakeFiles/CMakeTmp

Run Build Command(s):/Applications/CLion.app/Contents/bin/ninja/mac/ninja cmTC_40782 && [1/2] Building CXX object CMakeFiles/cmTC_40782.dir/src.cxx.o
warning: unknown warning option '-Wcast-align=strict'; did you mean '-Wcast-align'? [-Wunknown-warning-option]
1 warning generated.
[2/2] Linking CXX executable cmTC_40782


Source file was:
int main() { return 0; }
Performing C++ SOURCE FILE Test CXXFLAG_WERROR_BOOL_COMPARE_OKAY failed with the following output:
Change Dir: /Users/mitch/Downloads/doddle_hop/cmake-build-debug/CMakeFiles/CMakeTmp

Run Build Command(s):/Applications/CLion.app/Contents/bin/ninja/mac/ninja cmTC_06a9f && [1/2] Building CXX object CMakeFiles/cmTC_06a9f.dir/src.cxx.o
warning: unknown warning option '-Werror=bool-compare' [-Wunknown-warning-option]
1 warning generated.
[2/2] Linking CXX executable cmTC_06a9f


Source file was:
int main() { return 0; }
